d:\ospanel\domains\stockinfo\plefer_shifr\plefer_shifr\x64\debug\vc141.pdb
d:\ospanel\domains\stockinfo\plefer_shifr\plefer_shifr\x64\debug\main.obj
d:\ospanel\domains\stockinfo\plefer_shifr\plefer_shifr\x64\debug\function.obj
d:\ospanel\domains\stockinfo\plefer_shifr\plefer_shifr\x64\debug\.netframework,version=v4.5.2.assemblyattributes.obj
d:\ospanel\domains\stockinfo\plefer_shifr\plefer_shifr\x64\debug\.netframework,version=v4.5.2.assemblyattributes.asm
d:\ospanel\domains\stockinfo\plefer_shifr\x64\debug\plefer_shifr.exe
d:\ospanel\domains\stockinfo\plefer_shifr\x64\debug\plefer_shifr.pdb
d:\ospanel\domains\stockinfo\plefer_shifr\plefer_shifr\x64\debug\plefer_shifr.main.resources
d:\ospanel\domains\stockinfo\plefer_shifr\plefer_shifr\x64\debug\plefer_shifr.vcxproj.generateresource.cache
d:\ospanel\domains\stockinfo\plefer_shifr\plefer_shifr\x64\debug\plefer_shifr.vcxprojresolveassemblyreference.cache
d:\ospanel\domains\stockinfo\plefer_shifr\plefer_shifr\x64\debug\plefer_shifr.tlog\cl.command.1.tlog
d:\ospanel\domains\stockinfo\plefer_shifr\plefer_shifr\x64\debug\plefer_shifr.tlog\cl.read.1.tlog
d:\ospanel\domains\stockinfo\plefer_shifr\plefer_shifr\x64\debug\plefer_shifr.tlog\cl.write.1.tlog
d:\ospanel\domains\stockinfo\plefer_shifr\plefer_shifr\x64\debug\plefer_shifr.tlog\link.command.1.tlog
d:\ospanel\domains\stockinfo\plefer_shifr\plefer_shifr\x64\debug\plefer_shifr.tlog\link.read.1.tlog
d:\ospanel\domains\stockinfo\plefer_shifr\plefer_shifr\x64\debug\plefer_shifr.tlog\link.write.1.tlog
d:\ospanel\domains\stockinfo\plefer_shifr\plefer_shifr\x64\debug\plefer_shifr.tlog\metagen.read.1.tlog
d:\ospanel\domains\stockinfo\plefer_shifr\plefer_shifr\x64\debug\plefer_shifr.tlog\metagen.write.1.tlog
d:\ospanel\domains\stockinfo\plefer_shifr\plefer_shifr\x64\debug\plefer_shifr.tlog\plefer_shifr.write.1u.tlog
d:\ospanel\domains\stockinfo\plefer_shifr\plefer_shifr\x64\debug\plefer_shifr.tlog\rsaenh.dll.bi
d:\ospanel\domains\stockinfo\plefer_shifr\plefer_shifr\x64\debug\plefer_shifr.tlog\tzres.dll.bi
